2025-05-26 20:34:11,640 | INFO | Модель успешно загружена из: C:\Users\user\Desktop\ECG_ProgramTEST\resources\ecg_classifier.keras
2025-05-26 20:34:11,641 | INFO | Scaler успешно загружен из: C:\Users\user\Desktop\ECG_ProgramTEST\resources\scaler.joblib
2025-05-26 20:34:11,707 | INFO | Получено 17 дескрипторов для классификации
2025-05-26 20:34:11,708 | INFO | Данные масштабированы с использованием StandardScaler
2025-05-26 20:34:11,863 | INFO | Предсказанные классы сегментов: [ 4  4  4 80  4  4  4  4  4  4  4  4  4 48  4  4  4]
2025-05-26 20:34:11,865 | INFO | Выбранный класс: 4 | Уверенность: 88.24%
2025-05-26 20:35:05,975 | INFO | Модель успешно загружена из: C:\Users\user\Desktop\ECG_ProgramTEST\resources\ecg_classifier.keras
2025-05-26 20:35:05,976 | INFO | Scaler успешно загружен из: C:\Users\user\Desktop\ECG_ProgramTEST\resources\scaler.joblib
2025-05-26 20:35:06,037 | INFO | Получено 22 дескрипторов для классификации
2025-05-26 20:35:06,037 | INFO | Данные масштабированы с использованием StandardScaler
2025-05-26 20:35:06,217 | INFO | Предсказанные классы сегментов: [ 0  0  0 46  0  0  0  0  1  0  0  0  0 25 41 25 25 76  0  0  0  0]
2025-05-26 20:35:06,217 | INFO | Выбранный класс: 0 | Уверенность: 68.18%
2025-05-26 20:35:59,182 | INFO | Модель успешно загружена из: C:\Users\user\Desktop\ECG_ProgramTEST\resources\ecg_classifier.keras
2025-05-26 20:35:59,183 | INFO | Scaler успешно загружен из: C:\Users\user\Desktop\ECG_ProgramTEST\resources\scaler.joblib
2025-05-26 20:35:59,252 | INFO | Получено 24 дескрипторов для классификации
2025-05-26 20:35:59,252 | INFO | Данные масштабированы с использованием StandardScaler
2025-05-26 20:35:59,398 | INFO | Предсказанные классы сегментов: [20  5 14 20 14 20 14 14 14 14 14 14 20 14 14 14 20 14 20 14 14 14 14 14]
2025-05-26 20:35:59,398 | INFO | Выбранный класс: 14 | Уверенность: 70.83%
2025-05-26 20:36:37,702 | INFO | Модель успешно загружена из: C:\Users\user\Desktop\ECG_ProgramTEST\resources\ecg_classifier.keras
2025-05-26 20:36:37,703 | INFO | Scaler успешно загружен из: C:\Users\user\Desktop\ECG_ProgramTEST\resources\scaler.joblib
2025-05-26 20:36:37,736 | INFO | Получено 26 дескрипторов для классификации
2025-05-26 20:36:37,736 | INFO | Данные масштабированы с использованием StandardScaler
2025-05-26 20:36:37,888 | INFO | Предсказанные классы сегментов: [ 9  9  9  9  9  9  9  9  9  9  9  9  9  9  9  9  9  9  9  9  9  9  9 60
  9  9]
2025-05-26 20:36:37,889 | INFO | Выбранный класс: 9 | Уверенность: 96.15%
2025-05-26 20:37:12,241 | INFO | Модель успешно загружена из: C:\Users\user\Desktop\ECG_ProgramTEST\resources\ecg_classifier.keras
2025-05-26 20:37:12,241 | INFO | Scaler успешно загружен из: C:\Users\user\Desktop\ECG_ProgramTEST\resources\scaler.joblib
2025-05-26 20:37:12,423 | INFO | Получено 22 дескрипторов для классификации
2025-05-26 20:37:12,423 | INFO | Данные масштабированы с использованием StandardScaler
2025-05-26 20:37:12,567 | INFO | Предсказанные классы сегментов: [ 1  1  1  1  1  1  1  1  1 75  6  1  1 50  1  1  1  1  1  1 75  1]
2025-05-26 20:37:12,568 | INFO | Выбранный класс: 1 | Уверенность: 81.82%
2025-05-26 21:43:42,499 | INFO | Модель успешно загружена из: C:\Users\user\Desktop\ECG_ProgramTEST\resources\ecg_classifier.keras
2025-05-26 21:43:42,510 | INFO | Scaler успешно загружен из: C:\Users\user\Desktop\ECG_ProgramTEST\resources\scaler.joblib
2025-05-26 21:43:42,645 | INFO | Получено 23 дескрипторов для классификации
2025-05-26 21:43:42,645 | INFO | Данные масштабированы с использованием StandardScaler
2025-05-26 21:43:42,819 | INFO | Предсказанные классы сегментов: [54 54 54 54 54 41 25 39  0 54  0  6 39  1 54  0  1 15 46  0  0  9  2]
2025-05-26 21:43:42,820 | INFO | Выбранный класс: 54 | Уверенность: 30.43%
2025-05-26 21:44:04,655 | INFO | Модель успешно загружена из: C:\Users\user\Desktop\ECG_ProgramTEST\resources\ecg_classifier.keras
2025-05-26 21:44:04,656 | INFO | Scaler успешно загружен из: C:\Users\user\Desktop\ECG_ProgramTEST\resources\scaler.joblib
2025-05-26 21:44:04,715 | INFO | Получено 18 дескрипторов для классификации
2025-05-26 21:44:04,716 | INFO | Данные масштабированы с использованием StandardScaler
2025-05-26 21:44:04,866 | INFO | Предсказанные классы сегментов: [ 4  5 58 59 59 59  5  5 58 59 21 59 59 59 59 59 21 59]
2025-05-26 21:44:04,866 | INFO | Выбранный класс: 59 | Уверенность: 55.56%
2025-05-26 21:44:23,377 | INFO | Модель успешно загружена из: C:\Users\user\Desktop\ECG_ProgramTEST\resources\ecg_classifier.keras
2025-05-26 21:44:23,378 | INFO | Scaler успешно загружен из: C:\Users\user\Desktop\ECG_ProgramTEST\resources\scaler.joblib
2025-05-26 21:44:23,596 | INFO | Получено 24 дескрипторов для классификации
2025-05-26 21:44:23,597 | INFO | Данные масштабированы с использованием StandardScaler
2025-05-26 21:44:23,744 | INFO | Предсказанные классы сегментов: [19 21  4 19 19  4  4 19  4 89 37 19 19 89 19 72 19 19 21 19  4 19  5 14]
2025-05-26 21:44:23,744 | INFO | Выбранный класс: 19 | Уверенность: 45.83%
2025-05-26 21:44:49,044 | INFO | Модель успешно загружена из: C:\Users\user\Desktop\ECG_ProgramTEST\resources\ecg_classifier.keras
2025-05-26 21:44:49,045 | INFO | Scaler успешно загружен из: C:\Users\user\Desktop\ECG_ProgramTEST\resources\scaler.joblib
2025-05-26 21:44:49,221 | INFO | Получено 23 дескрипторов для классификации
2025-05-26 21:44:49,222 | INFO | Данные масштабированы с использованием StandardScaler
2025-05-26 21:44:49,369 | INFO | Предсказанные классы сегментов: [ 2  2 68 84  2 63 66  2 34  2  2  2  2  2  2 63 34  2  2 45  2  2 23]
2025-05-26 21:44:49,369 | INFO | Выбранный класс: 2 | Уверенность: 60.87%
2025-05-27 01:02:40,917 | INFO | Модель успешно загружена из: C:\Users\user\Documents\Github\My_diplom_work\ECG_Program\resources\ecg_classifier.keras
2025-05-27 01:02:40,926 | INFO | Scaler успешно загружен из: C:\Users\user\Documents\Github\My_diplom_work\ECG_Program\resources\scaler.joblib
2025-05-27 01:02:41,186 | INFO | Получено 25 дескрипторов для классификации
2025-05-27 01:02:41,187 | INFO | Данные масштабированы с использованием StandardScaler
2025-05-27 01:02:41,414 | INFO | Предсказанные классы сегментов: [51 28  2 34  2  2 24  2 84 84 34 84 17 11 20 76 84 84 84 84 84 11 20 84
 84]
2025-05-27 01:02:41,414 | INFO | Выбранный класс: 84 | Уверенность: 40.00%
2025-05-27 01:03:01,292 | INFO | Модель успешно загружена из: C:\Users\user\Documents\Github\My_diplom_work\ECG_Program\resources\ecg_classifier.keras
2025-05-27 01:03:01,293 | INFO | Scaler успешно загружен из: C:\Users\user\Documents\Github\My_diplom_work\ECG_Program\resources\scaler.joblib
2025-05-27 01:03:01,472 | INFO | Получено 32 дескрипторов для классификации
2025-05-27 01:03:01,474 | INFO | Данные масштабированы с использованием StandardScaler
2025-05-27 01:03:01,672 | INFO | Предсказанные классы сегментов: [62 76 76 76 76 76 76 75 76 16 76 76 76 76 76  7 76 76 76 39 15 62 76 76
 76 76 76 76 85 76 75 76]
2025-05-27 01:03:01,672 | INFO | Выбранный класс: 76 | Уверенность: 71.88%
2025-05-27 01:03:26,266 | INFO | Модель успешно загружена из: C:\Users\user\Documents\Github\My_diplom_work\ECG_Program\resources\ecg_classifier.keras
2025-05-27 01:03:26,267 | INFO | Scaler успешно загружен из: C:\Users\user\Documents\Github\My_diplom_work\ECG_Program\resources\scaler.joblib
2025-05-27 01:03:26,359 | INFO | Получено 21 дескрипторов для классификации
2025-05-27 01:03:26,360 | INFO | Данные масштабированы с использованием StandardScaler
2025-05-27 01:03:26,557 | INFO | Предсказанные классы сегментов: [10 72 48 48 10 10 10 67 10 10 67 10 10 35 67 10 10 48 10 72 10]
2025-05-27 01:03:26,557 | INFO | Выбранный класс: 10 | Уверенность: 57.14%
2025-05-27 10:58:48,991 | INFO | Модель успешно загружена из: C:\Users\user\Documents\Github\My_diplom_work\ECG_Program\resources\ecg_classifier.keras
2025-05-27 10:58:48,999 | INFO | Scaler успешно загружен из: C:\Users\user\Documents\Github\My_diplom_work\ECG_Program\resources\scaler.joblib
2025-05-27 10:58:49,217 | INFO | Получено 23 дескрипторов для классификации
2025-05-27 10:58:49,219 | INFO | Данные масштабированы с использованием StandardScaler
2025-05-27 10:58:49,494 | INFO | Предсказанные классы сегментов: [ 6 21  6  6 39  6  6 39 39 39  6 15 39  6  6  6  6  6  6  6  6 39 18]
2025-05-27 10:58:49,494 | INFO | Выбранный класс: 6 | Уверенность: 60.87%
2025-05-27 12:37:01,288 | INFO | Модель успешно загружена из: C:\Users\user\Documents\Github\My_diplom_work\ECG_Program\resources\ecg_classifier.keras
2025-05-27 12:37:01,290 | INFO | Scaler успешно загружен из: C:\Users\user\Documents\Github\My_diplom_work\ECG_Program\resources\scaler.joblib
2025-05-27 12:37:01,447 | INFO | Получено 27 дескрипторов для классификации
2025-05-27 12:37:01,448 | INFO | Данные масштабированы с использованием StandardScaler
2025-05-27 12:37:01,670 | INFO | Предсказанные классы сегментов: [49 49 49 49  0 49 49 38 49 49 17  0  0 31 31 63 49 15 49  0 49 49 49 49
 15 49 49]
2025-05-27 12:37:01,670 | INFO | Выбранный класс: 49 | Уверенность: 59.26%
